\BOOKMARK [0][-]{chapter.1}{Introduction}{}% 1
\BOOKMARK [0][-]{chapter.2}{Glossary}{}% 2
\BOOKMARK [0][-]{chapter.3}{Test Equipment}{}% 3
\BOOKMARK [1][-]{section.3.1}{DC measurements}{chapter.3}% 4
\BOOKMARK [1][-]{section.3.2}{Audio measurements}{chapter.3}% 5
\BOOKMARK [1][-]{section.3.3}{Receiver measurements}{chapter.3}% 6
\BOOKMARK [1][-]{section.3.4}{Transmitter measurements}{chapter.3}% 7
\BOOKMARK [0][-]{chapter.4}{Receiver Measurements}{}% 8
\BOOKMARK [1][-]{section.4.1}{Minimum Discernible Signal \(MDS\)}{chapter.4}% 9
\BOOKMARK [1][-]{section.4.2}{IF Rejection}{chapter.4}% 10
\BOOKMARK [1][-]{section.4.3}{Image Rejection}{chapter.4}% 11
\BOOKMARK [1][-]{section.4.4}{Opposite Sideband Rejection}{chapter.4}% 12
\BOOKMARK [1][-]{section.4.5}{Two-Tone Third Order Dynamic Range}{chapter.4}% 13
\BOOKMARK [1][-]{section.4.6}{Blocking Gain Compression}{chapter.4}% 14
\BOOKMARK [1][-]{section.4.7}{Noise Figure}{chapter.4}% 15
\BOOKMARK [1][-]{section.4.8}{Audio Frequency Response}{chapter.4}% 16
\BOOKMARK [1][-]{section.4.9}{Audio Distortion}{chapter.4}% 17
\BOOKMARK [1][-]{section.4.10}{Audio Power Output}{chapter.4}% 18
\BOOKMARK [0][-]{chapter.5}{Transmitter Measurements}{}% 19
\BOOKMARK [1][-]{section.5.1}{Transmitter Power Output}{chapter.5}% 20
\BOOKMARK [1][-]{section.5.2}{Transmitter Spectral Purity}{chapter.5}% 21
\BOOKMARK [1][-]{section.5.3}{Transmitter Carrier and Unwanted Sideband Suppression}{chapter.5}% 22
\BOOKMARK [1][-]{section.5.4}{Transmitter Two-Tone Intermodulation Distortion \(IMD\)}{chapter.5}% 23
\BOOKMARK [1][-]{section.5.5}{Transmitter CW Keying Waveform}{chapter.5}% 24
\BOOKMARK [0][-]{chapter.6}{Components and Circuits}{}% 25
\BOOKMARK [1][-]{section.6.1}{Crystal Parameters}{chapter.6}% 26
\BOOKMARK [1][-]{section.6.2}{Third-Order Intercept}{chapter.6}% 27
\BOOKMARK [1][-]{section.6.3}{Noise Figure}{chapter.6}% 28
\BOOKMARK [1][-]{section.6.4}{Resonator Q}{chapter.6}% 29
\BOOKMARK [0][-]{chapter.7}{DIY Test Equipment}{}% 30
\BOOKMARK [1][-]{section.7.1}{Crystal Measurement Jig}{chapter.7}% 31
\BOOKMARK [1][-]{section.7.2}{Noise sources}{chapter.7}% 32
\BOOKMARK [1][-]{section.7.3}{Distortion analyser notch filter}{chapter.7}% 33
\BOOKMARK [1][-]{section.7.4}{AF RMS power meter}{chapter.7}% 34
\BOOKMARK [1][-]{section.7.5}{2-tone generator}{chapter.7}% 35
\BOOKMARK [1][-]{section.7.6}{Keying generator}{chapter.7}% 36
\BOOKMARK [1][-]{section.7.7}{RF -40dB power sampler}{chapter.7}% 37
\BOOKMARK [1][-]{section.7.8}{Crystal test sources}{chapter.7}% 38
\BOOKMARK [1][-]{section.7.9}{Noise sources}{chapter.7}% 39
